<?xml version="1.0" encoding="UTF-8"?>
<testsuite name="Scenario: Verify invalid login from messenger page" time="0.5" tests="6" errors="0" skipped="0" failures="0">
  <properties>
    <property name="java.vendor" value="Oracle Corporation"/>
    <property name="JOB_NAME" value="BDD_SampleFramework"/>
    <property name="RUN_TESTS_DISPLAY_URL" value="http://localhost:8080/job/BDD_SampleFramework/9/display/redirect?page=tests"/>
    <property name="sun.java.launcher" value="SUN_STANDARD"/>
    <property name="sun.management.compiler" value="HotSpot 64-Bit Tiered Compilers"/>
    <property name="JENKINS_HOME" value="/Users/ammarunal/.jenkins"/>
    <property name="PATH" value="/Users/ammarunal/.jenkins/tools/hudson.model.JDK/bin:/usr/bin:/bin:/usr/sbin:/sbin"/>
    <property name="HUDSON_SERVER_COOKIE" value="8e47bb00a8c77639"/>
    <property name="POM_ARTIFACTID" value="BDD_SampleFramework"/>
    <property name="os.name" value="Mac OS X"/>
    <property name="sun.boot.class.path" value="/Users/ammarunal/.jenkins/tools/hudson.model.JDK/jre/lib/resources.jar:/Users/ammarunal/.jenkins/tools/hudson.model.JDK/jre/lib/rt.jar:/Users/ammarunal/.jenkins/tools/hudson.model.JDK/jre/lib/sunrsasign.jar:/Users/ammarunal/.jenkins/tools/hudson.model.JDK/jre/lib/jsse.jar:/Users/ammarunal/.jenkins/tools/hudson.model.JDK/jre/lib/jce.jar:/Users/ammarunal/.jenkins/tools/hudson.model.JDK/jre/lib/charsets.jar:/Users/ammarunal/.jenkins/tools/hudson.model.JDK/jre/lib/jfr.jar:/Users/ammarunal/.jenkins/tools/hudson.model.JDK/jre/classes"/>
    <property name="EXECUTOR_NUMBER" value="0"/>
    <property name="java.vm.specification.vendor" value="Oracle Corporation"/>
    <property name="POM_DISPLAYNAME" value="BDD_SampleFramework"/>
    <property name="NODE_LABELS" value="master"/>
    <property name="java.runtime.version" value="1.8.0_221-b11"/>
    <property name="user.name" value="ammarunal"/>
    <property name="guice.disable.misplaced.annotation.check" value="true"/>
    <property name="user.language" value="en"/>
    <property name="JOB_BASE_NAME" value="BDD_SampleFramework"/>
    <property name="RUN_CHANGES_DISPLAY_URL" value="http://localhost:8080/job/BDD_SampleFramework/9/display/redirect?page=changes"/>
    <property name="BUILD_DISPLAY_NAME" value="#9"/>
    <property name="TMPDIR" value="/var/folders/qs/t0bshc4n4333r72fxsvc9vbm0000gn/T/"/>
    <property name="sun.boot.library.path" value="/Users/ammarunal/.jenkins/tools/hudson.model.JDK/jre/lib"/>
    <property name="java.version" value="1.8.0_221"/>
    <property name="XPC_FLAGS" value="0x0"/>
    <property name="user.timezone" value="America/New_York"/>
    <property name="sun.arch.data.model" value="64"/>
    <property name="NODE_NAME" value="master"/>
    <property name="http.nonProxyHosts" value="local|*.local|169.254/16|*.169.254/16"/>
    <property name="java.endorsed.dirs" value="/Users/ammarunal/.jenkins/tools/hudson.model.JDK/jre/lib/endorsed"/>
    <property name="BUILD_ID" value="9"/>
    <property name="sun.cpu.isalist" value=""/>
    <property name="sun.jnu.encoding" value="UTF-8"/>
    <property name="file.encoding.pkg" value="sun.io"/>
    <property name="SHELL" value="/bin/bash"/>
    <property name="file.separator" value="/"/>
    <property name="java.specification.name" value="Java Platform API Specification"/>
    <property name="maven.conf" value="/Users/ammarunal/.jenkins/tools/hudson.tasks.Maven_MavenInstallation/test/conf"/>
    <property name="java.class.version" value="52.0"/>
    <property name="org.slf4j.simpleLogger.defaultLogLevel" value="info"/>
    <property name="user.country" value="US"/>
    <property name="java.home" value="/Users/ammarunal/.jenkins/tools/hudson.model.JDK/jre"/>
    <property name="java.vm.info" value="mixed mode"/>
    <property name="os.version" value="10.15.7"/>
    <property name="RUN_DISPLAY_URL" value="http://localhost:8080/job/BDD_SampleFramework/9/display/redirect"/>
    <property name="POM_VERSION" value="1.0-SNAPSHOT"/>
    <property name="sun.font.fontmanager" value="sun.font.CFontManager"/>
    <property name="RUN_ARTIFACTS_DISPLAY_URL" value="http://localhost:8080/job/BDD_SampleFramework/9/display/redirect?page=artifacts"/>
    <property name="path.separator" value=":"/>
    <property name="java.vm.version" value="25.221-b11"/>
    <property name="JOB_DISPLAY_URL" value="http://localhost:8080/job/BDD_SampleFramework/display/redirect"/>
    <property name="java.awt.printerjob" value="sun.lwawt.macosx.CPrinterJob"/>
    <property name="JAVA_HOME" value="/Users/ammarunal/.jenkins/tools/hudson.model.JDK"/>
    <property name="sun.io.unicode.encoding" value="UnicodeBig"/>
    <property name="awt.toolkit" value="sun.lwawt.macosx.LWCToolkit"/>
    <property name="LOGNAME" value="ammarunal"/>
    <property name="socksNonProxyHosts" value="local|*.local|169.254/16|*.169.254/16"/>
    <property name="POM_PACKAGING" value="jar"/>
    <property name="ftp.nonProxyHosts" value="local|*.local|169.254/16|*.169.254/16"/>
    <property name="HOME" value="/Users/ammarunal"/>
    <property name="POM_GROUPID" value="org.example"/>
    <property name="user.home" value="/Users/ammarunal"/>
    <property name="BUILD_TAG" value="jenkins-BDD_SampleFramework-9"/>
    <property name="JENKINS_SERVER_COOKIE" value="8e47bb00a8c77639"/>
    <property name="HUDSON_URL" value="http://localhost:8080/"/>
    <property name="XPC_SERVICE_NAME" value="homebrew.mxcl.jenkins"/>
    <property name="java.specification.vendor" value="Oracle Corporation"/>
    <property name="CLASSPATH" value=""/>
    <property name="java.library.path" value="/Users/ammarunal/Library/Java/Extensions:/Library/Java/Extensions:/Network/Library/Java/Extensions:/System/Library/Java/Extensions:/usr/lib/java:."/>
    <property name="java.vendor.url" value="http://java.oracle.com/"/>
    <property name="gopherProxySet" value="false"/>
    <property name="java.vm.vendor" value="Oracle Corporation"/>
    <property name="java.runtime.name" value="Java(TM) SE Runtime Environment"/>
    <property name="maven.home" value="/Users/ammarunal/.jenkins/tools/hudson.tasks.Maven_MavenInstallation/test"/>
    <property name="java.class.path" value="/Users/ammarunal/.jenkins/plugins/maven-plugin/WEB-INF/lib/maven35-agent-1.13.jar:/Users/ammarunal/.jenkins/tools/hudson.tasks.Maven_MavenInstallation/test/boot/plexus-classworlds-2.6.0.jar:/Users/ammarunal/.jenkins/tools/hudson.tasks.Maven_MavenInstallation/test/conf/logging"/>
    <property name="sun.java.command" value="jenkins.maven3.agent.Maven35Main /Users/ammarunal/.jenkins/tools/hudson.tasks.Maven_MavenInstallation/test /Users/ammarunal/.jenkins/war/WEB-INF/lib/remoting-4.6.jar /Users/ammarunal/.jenkins/plugins/maven-plugin/WEB-INF/lib/maven35-interceptor-1.13.jar /Users/ammarunal/.jenkins/plugins/maven-plugin/WEB-INF/lib/maven3-interceptor-commons-1.13.jar 56679"/>
    <property name="JAVA_MAIN_CLASS_26526" value="Main"/>
    <property name="java.vm.specification.name" value="Java Virtual Machine Specification"/>
    <property name="PATH+JDK" value="/Users/ammarunal/.jenkins/tools/hudson.model.JDK/bin"/>
    <property name="java.vm.specification.version" value="1.8"/>
    <property name="sun.os.patch.level" value="unknown"/>
    <property name="sun.cpu.endian" value="little"/>
    <property name="M2_HOME" value="/Users/ammarunal/.jenkins/tools/hudson.tasks.Maven_MavenInstallation/test"/>
    <property name="java.io.tmpdir" value="/var/folders/qs/t0bshc4n4333r72fxsvc9vbm0000gn/T/"/>
    <property name="HUDSON_HOME" value="/Users/ammarunal/.jenkins"/>
    <property name="PATH+MAVEN" value="/Users/ammarunal/.jenkins/tools/hudson.tasks.Maven_MavenInstallation/test/bin"/>
    <property name="BUILD_URL" value="http://localhost:8080/job/BDD_SampleFramework/9/"/>
    <property name="java.vendor.url.bug" value="http://bugreport.sun.com/bugreport/"/>
    <property name="SSH_AUTH_SOCK" value="/private/tmp/com.apple.launchd.4IozOk0BCK/Listeners"/>
    <property name="java.awt.graphicsenv" value="sun.awt.CGraphicsEnvironment"/>
    <property name="os.arch" value="x86_64"/>
    <property name="java.ext.dirs" value="/Users/ammarunal/Library/Java/Extensions:/Users/ammarunal/.jenkins/tools/hudson.model.JDK/jre/lib/ext:/Library/Java/Extensions:/Network/Library/Java/Extensions:/System/Library/Java/Extensions:/usr/lib/java"/>
    <property name="__CF_USER_TEXT_ENCODING" value="0x1F5:0x0:0x0"/>
    <property name="user.dir" value="/Users/ammarunal/IdeaProjects/BDD_SampleFramework"/>
    <property name="JOB_URL" value="http://localhost:8080/job/BDD_SampleFramework/"/>
    <property name="line.separator" value="&#10;"/>
    <property name="MAVEN_HOME" value="/Users/ammarunal/.jenkins/tools/hudson.tasks.Maven_MavenInstallation/test"/>
    <property name="java.vm.name" value="Java HotSpot(TM) 64-Bit Server VM"/>
    <property name="BUILD_NUMBER" value="9"/>
    <property name="JENKINS_URL" value="http://localhost:8080/"/>
    <property name="file.encoding" value="UTF-8"/>
    <property name="maven3.interceptor" value="/Users/ammarunal/.jenkins/plugins/maven-plugin/WEB-INF/lib/maven35-interceptor-1.13.jar"/>
    <property name="WORKSPACE_TMP" value="/Users/ammarunal/.jenkins/workspace/BDD_SampleFramework@tmp"/>
    <property name="WORKSPACE" value="/Users/ammarunal/.jenkins/workspace/BDD_SampleFramework"/>
    <property name="maven3.interceptor.common" value="/Users/ammarunal/.jenkins/plugins/maven-plugin/WEB-INF/lib/maven3-interceptor-commons-1.13.jar"/>
    <property name="java.specification.version" value="1.8"/>
    <property name="USER" value="ammarunal"/>
  </properties>
  <testcase name="Given I am on Messenger Page" classname="Scenario: Verify invalid login from messenger page" time="0.198"/>
  <testcase name="When I enter unalaby@gmail.com into username field on Messenger Page" classname="Scenario: Verify invalid login from messenger page" time="0"/>
  <testcase name="And I enter test123 into password field on Messenger Page" classname="Scenario: Verify invalid login from messenger page" time="0"/>
  <testcase name="And I click on login button on Messenger Page" classname="Scenario: Verify invalid login from messenger page" time="0.004"/>
  <testcase name="Then I verify invalid login message on sign in page" classname="Scenario: Verify invalid login from messenger page" time="0.001"/>
  <testcase name="Scenario: Verify invalid login from messenger page" classname="Scenario: Verify invalid login from messenger page" time="0.297"/>
</testsuite>